Library/Bee/Android/Prj/Mono2x/Gradle/launcher/build/intermediates/manifest_merge_blame_file/release/manifest-merger-blame-release-report.txt
1<?xml version="1.0" encoding="utf-8"?>
2<manifest xmlns:android="http://schemas.android.com/apk/res/android"
3    package="com.GiantCat"
4    android:installLocation="preferExternal"
5    android:versionCode="1"
6    android:versionName="1.0" >
7
8    <uses-sdk
9        android:minSdkVersion="24"
9-->src\main\AndroidManifest.xml
10        android:targetSdkVersion="33" />
10-->src\main\AndroidManifest.xml
11
12    <supports-screens
12-->src\main\AndroidManifest.xml:3:3-163
13        android:anyDensity="true"
13-->src\main\AndroidManifest.xml:3:135-160
14        android:largeScreens="true"
14-->src\main\AndroidManifest.xml:3:78-105
15        android:normalScreens="true"
15-->src\main\AndroidManifest.xml:3:49-77
16        android:smallScreens="true"
16-->src\main\AndroidManifest.xml:3:21-48
17        android:xlargeScreens="true" />
17-->src\main\AndroidManifest.xml:3:106-134
18
19    <uses-feature android:glEsVersion="0x00030000" />
19-->[:unityLibrary] AndroidManifest.xml:12:5-54
19-->[:unityLibrary] AndroidManifest.xml:12:19-51
20    <uses-feature
20-->[:unityLibrary] AndroidManifest.xml:13:5-15:36
21        android:name="android.hardware.vulkan.version"
21-->[:unityLibrary] AndroidManifest.xml:14:9-55
22        android:required="false" />
22-->[:unityLibrary] AndroidManifest.xml:15:9-33
23    <uses-feature
23-->[:unityLibrary] AndroidManifest.xml:16:5-18:36
24        android:name="android.hardware.touchscreen"
24-->[:unityLibrary] AndroidManifest.xml:17:9-52
25        android:required="false" />
25-->[:unityLibrary] AndroidManifest.xml:18:9-33
26    <uses-feature
26-->[:unityLibrary] AndroidManifest.xml:19:5-21:36
27        android:name="android.hardware.touchscreen.multitouch"
27-->[:unityLibrary] AndroidManifest.xml:20:9-63
28        android:required="false" />
28-->[:unityLibrary] AndroidManifest.xml:21:9-33
29    <uses-feature
29-->[:unityLibrary] AndroidManifest.xml:22:5-24:36
30        android:name="android.hardware.touchscreen.multitouch.distinct"
30-->[:unityLibrary] AndroidManifest.xml:23:9-72
31        android:required="false" />
31-->[:unityLibrary] AndroidManifest.xml:24:9-33
32
33    <application
33-->src\main\AndroidManifest.xml:4:3-126
34        android:extractNativeLibs="true"
34-->[:unityLibrary] AndroidManifest.xml:26:18-50
35        android:icon="@mipmap/app_icon"
35-->src\main\AndroidManifest.xml:4:49-80
36        android:label="@string/app_name"
36-->src\main\AndroidManifest.xml:4:16-48
37        android:roundIcon="@mipmap/app_icon_round" >
37-->src\main\AndroidManifest.xml:4:81-123
38        <activity
38-->[:unityLibrary] AndroidManifest.xml:27:9-48:20
39            android:name="com.unity3d.player.UnityPlayerActivity"
39-->[:unityLibrary] AndroidManifest.xml:28:13-66
40            android:configChanges="mcc|mnc|locale|touchscreen|keyboard|keyboardHidden|navigation|orientation|screenLayout|uiMode|screenSize|smallestScreenSize|fontScale|layoutDirection|density"
40-->[:unityLibrary] AndroidManifest.xml:29:13-194
41            android:exported="true"
41-->[:unityLibrary] AndroidManifest.xml:30:13-36
42            android:hardwareAccelerated="false"
42-->[:unityLibrary] AndroidManifest.xml:31:13-48
43            android:launchMode="singleTask"
43-->[:unityLibrary] AndroidManifest.xml:32:13-44
44            android:resizeableActivity="false"
44-->[:unityLibrary] AndroidManifest.xml:33:13-47
45            android:screenOrientation="fullUser"
45-->[:unityLibrary] AndroidManifest.xml:34:13-49
46            android:theme="@style/UnityThemeSelector" >
46-->[:unityLibrary] AndroidManifest.xml:35:13-54
47            <intent-filter>
47-->[:unityLibrary] AndroidManifest.xml:36:13-40:29
48                <action android:name="android.intent.action.MAIN" />
48-->[:unityLibrary] AndroidManifest.xml:37:17-69
48-->[:unityLibrary] AndroidManifest.xml:37:25-66
49
50                <category android:name="android.intent.category.LAUNCHER" />
50-->[:unityLibrary] AndroidManifest.xml:39:17-77
50-->[:unityLibrary] AndroidManifest.xml:39:27-74
51            </intent-filter>
52
53            <meta-data
53-->[:unityLibrary] AndroidManifest.xml:42:13-44:40
54                android:name="unityplayer.UnityActivity"
54-->[:unityLibrary] AndroidManifest.xml:43:17-57
55                android:value="true" />
55-->[:unityLibrary] AndroidManifest.xml:44:17-37
56            <meta-data
56-->[:unityLibrary] AndroidManifest.xml:45:13-47:40
57                android:name="android.notch_support"
57-->[:unityLibrary] AndroidManifest.xml:46:17-53
58                android:value="true" />
58-->[:unityLibrary] AndroidManifest.xml:47:17-37
59        </activity>
60
61        <meta-data
61-->[:unityLibrary] AndroidManifest.xml:50:9-52:33
62            android:name="unity.splash-mode"
62-->[:unityLibrary] AndroidManifest.xml:51:13-45
63            android:value="0" />
63-->[:unityLibrary] AndroidManifest.xml:52:13-30
64        <meta-data
64-->[:unityLibrary] AndroidManifest.xml:53:9-55:36
65            android:name="unity.splash-enable"
65-->[:unityLibrary] AndroidManifest.xml:54:13-47
66            android:value="True" />
66-->[:unityLibrary] AndroidManifest.xml:55:13-33
67        <meta-data
67-->[:unityLibrary] AndroidManifest.xml:56:9-58:37
68            android:name="unity.launch-fullscreen"
68-->[:unityLibrary] AndroidManifest.xml:57:13-51
69            android:value="False" />
69-->[:unityLibrary] AndroidManifest.xml:58:13-34
70        <meta-data
70-->[:unityLibrary] AndroidManifest.xml:59:9-61:37
71            android:name="unity.allow-resizable-window"
71-->[:unityLibrary] AndroidManifest.xml:60:13-56
72            android:value="False" />
72-->[:unityLibrary] AndroidManifest.xml:61:13-34
73        <meta-data
73-->[:unityLibrary] AndroidManifest.xml:62:9-64:50
74            android:name="notch.config"
74-->[:unityLibrary] AndroidManifest.xml:63:13-40
75            android:value="portrait|landscape" />
75-->[:unityLibrary] AndroidManifest.xml:64:13-47
76        <meta-data
76-->[:unityLibrary] AndroidManifest.xml:65:9-67:36
77            android:name="unity.auto-report-fully-drawn"
77-->[:unityLibrary] AndroidManifest.xml:66:13-57
78            android:value="true" />
78-->[:unityLibrary] AndroidManifest.xml:67:13-33
79    </application>
80
81</manifest>